<?xml version="1.0" encoding="UTF-8"?>
<!-- Generated by org.testng.reporters.JUnitReportReporter -->
<testsuite hostname="Teju" failures="0" tests="1" name="DemoNew.AssignemntOfJenkins" time="0.012" errors="0" timestamp="2025-02-06T19:25:16 IST" skipped="0">
  <testcase classname="DemoNew.AssignemntOfJenkins" name="NewJenkin" time="0.012"/>
  <system-out>
    <![CDATA[AssignemntOfJenkins class is added]]>
  </system-out>
</testsuite> <!-- DemoNew.AssignemntOfJenkins -->
